INFO    : Building target web
INFO    : XSL conversion of /Users/clarkdav/Library/CloudStorage/OneDrive-GrandValleyStateUniversity/Documents/Projects/mth-409-lebesgue-notes/source/main.ptx by /Users/clarkdav/.ptx/2.20.0/core/xsl/utilities/pretext-enhanced-source.xsl
INFO    : successful application of /Users/clarkdav/.ptx/2.20.0/core/xsl/utilities/pretext-enhanced-source.xsl
INFO    : Generating any needed assets.
INFO    : XSL conversion of /Users/clarkdav/Library/CloudStorage/OneDrive-GrandValleyStateUniversity/Documents/Projects/mth-409-lebesgue-notes/source/main.ptx by /Users/clarkdav/.ptx/2.20.0/core/xsl/utilities/pretext-enhanced-source.xsl
INFO    : successful application of /Users/clarkdav/.ptx/2.20.0/core/xsl/utilities/pretext-enhanced-source.xsl
INFO    : XSL conversion of /Users/clarkdav/Library/CloudStorage/OneDrive-GrandValleyStateUniversity/Documents/Projects/mth-409-lebesgue-notes/source/main.ptx by /Users/clarkdav/.ptx/2.20.0/core/xsl/utilities/pretext-enhanced-source.xsl
INFO    : successful application of /Users/clarkdav/.ptx/2.20.0/core/xsl/utilities/pretext-enhanced-source.xsl
INFO    : XSL conversion of /Users/clarkdav/Library/CloudStorage/OneDrive-GrandValleyStateUniversity/Documents/Projects/mth-409-lebesgue-notes/source/main.ptx by /Users/clarkdav/.ptx/2.20.0/core/xsl/utilities/pretext-enhanced-source.xsl
INFO    : successful application of /Users/clarkdav/.ptx/2.20.0/core/xsl/utilities/pretext-enhanced-source.xsl
INFO    : XSL conversion of /Users/clarkdav/Library/CloudStorage/OneDrive-GrandValleyStateUniversity/Documents/Projects/mth-409-lebesgue-notes/source/main.ptx by /Users/clarkdav/.ptx/2.20.0/core/xsl/utilities/pretext-enhanced-source.xsl
INFO    : successful application of /Users/clarkdav/.ptx/2.20.0/core/xsl/utilities/pretext-enhanced-source.xsl
INFO    : XSL conversion of /Users/clarkdav/Library/CloudStorage/OneDrive-GrandValleyStateUniversity/Documents/Projects/mth-409-lebesgue-notes/source/main.ptx by /Users/clarkdav/.ptx/2.20.0/core/xsl/utilities/pretext-enhanced-source.xsl
INFO    : successful application of /Users/clarkdav/.ptx/2.20.0/core/xsl/utilities/pretext-enhanced-source.xsl
INFO    : XSL conversion of /Users/clarkdav/Library/CloudStorage/OneDrive-GrandValleyStateUniversity/Documents/Projects/mth-409-lebesgue-notes/source/main.ptx by /Users/clarkdav/.ptx/2.20.0/core/xsl/utilities/pretext-enhanced-source.xsl
INFO    : successful application of /Users/clarkdav/.ptx/2.20.0/core/xsl/utilities/pretext-enhanced-source.xsl
INFO    : XSL conversion of /Users/clarkdav/Library/CloudStorage/OneDrive-GrandValleyStateUniversity/Documents/Projects/mth-409-lebesgue-notes/source/main.ptx by /Users/clarkdav/.ptx/2.20.0/core/xsl/utilities/pretext-enhanced-source.xsl
INFO    : successful application of /Users/clarkdav/.ptx/2.20.0/core/xsl/utilities/pretext-enhanced-source.xsl
INFO    : XSL conversion of /Users/clarkdav/Library/CloudStorage/OneDrive-GrandValleyStateUniversity/Documents/Projects/mth-409-lebesgue-notes/source/main.ptx by /Users/clarkdav/.ptx/2.20.0/core/xsl/utilities/pretext-enhanced-source.xsl
INFO    : successful application of /Users/clarkdav/.ptx/2.20.0/core/xsl/utilities/pretext-enhanced-source.xsl
INFO    : XSL conversion of /Users/clarkdav/Library/CloudStorage/OneDrive-GrandValleyStateUniversity/Documents/Projects/mth-409-lebesgue-notes/source/main.ptx by /Users/clarkdav/.ptx/2.20.0/core/xsl/utilities/pretext-enhanced-source.xsl
INFO    : successful application of /Users/clarkdav/.ptx/2.20.0/core/xsl/utilities/pretext-enhanced-source.xsl
INFO    : XSL conversion of /Users/clarkdav/Library/CloudStorage/OneDrive-GrandValleyStateUniversity/Documents/Projects/mth-409-lebesgue-notes/source/main.ptx by /Users/clarkdav/.ptx/2.20.0/core/xsl/utilities/pretext-enhanced-source.xsl
INFO    : successful application of /Users/clarkdav/.ptx/2.20.0/core/xsl/utilities/pretext-enhanced-source.xsl
INFO    : XSL conversion of /Users/clarkdav/Library/CloudStorage/OneDrive-GrandValleyStateUniversity/Documents/Projects/mth-409-lebesgue-notes/source/main.ptx by /Users/clarkdav/.ptx/2.20.0/core/xsl/utilities/pretext-enhanced-source.xsl
INFO    : successful application of /Users/clarkdav/.ptx/2.20.0/core/xsl/utilities/pretext-enhanced-source.xsl
INFO    : XSL conversion of /Users/clarkdav/Library/CloudStorage/OneDrive-GrandValleyStateUniversity/Documents/Projects/mth-409-lebesgue-notes/source/main.ptx by /Users/clarkdav/.ptx/2.20.0/core/xsl/utilities/pretext-enhanced-source.xsl
INFO    : successful application of /Users/clarkdav/.ptx/2.20.0/core/xsl/utilities/pretext-enhanced-source.xsl
INFO    : XSL conversion of /Users/clarkdav/Library/CloudStorage/OneDrive-GrandValleyStateUniversity/Documents/Projects/mth-409-lebesgue-notes/source/main.ptx by /Users/clarkdav/.ptx/2.20.0/core/xsl/utilities/pretext-enhanced-source.xsl
INFO    : successful application of /Users/clarkdav/.ptx/2.20.0/core/xsl/utilities/pretext-enhanced-source.xsl
INFO    : XSL conversion of /Users/clarkdav/Library/CloudStorage/OneDrive-GrandValleyStateUniversity/Documents/Projects/mth-409-lebesgue-notes/source/main.ptx by /Users/clarkdav/.ptx/2.20.0/core/xsl/utilities/pretext-enhanced-source.xsl
INFO    : successful application of /Users/clarkdav/.ptx/2.20.0/core/xsl/utilities/pretext-enhanced-source.xsl
INFO    : Finished generating assets.

INFO    : Preparing to build into /Users/clarkdav/Library/CloudStorage/OneDrive-GrandValleyStateUniversity/Documents/Projects/mth-409-lebesgue-notes/output/web.
WARNING : Node.js must be installed to build CSS files.  Please install node.js and npm.
 Will try to use prebuilt CSS files instead.
WARNING : Cannot find npm.  Will try to use prebuilt CSS files instead.
WARNING : Unable to install npm packages to build css files.  Non-default CSS themes require node.js and npm to be installed.  See https://pretextbook.org/doc/guide/html/node-and-npm.html
WARNING : 
INFO    : discovering source file's directory name: /Users/clarkdav/Library/CloudStorage/OneDrive-GrandValleyStateUniversity/Documents/Projects/mth-409-lebesgue-notes/source
INFO    : verifying and expanding input directory: /Users/clarkdav/Library/CloudStorage/OneDrive-GrandValleyStateUniversity/Documents/Projects/mth-409-lebesgue-notes/source/../generated-assets
INFO    : input directory expanded to absolute path: /Users/clarkdav/Library/CloudStorage/OneDrive-GrandValleyStateUniversity/Documents/Projects/mth-409-lebesgue-notes/generated-assets
INFO    : verifying and expanding input directory: /Users/clarkdav/Library/CloudStorage/OneDrive-GrandValleyStateUniversity/Documents/Projects/mth-409-lebesgue-notes/source/../assets
INFO    : input directory expanded to absolute path: /Users/clarkdav/Library/CloudStorage/OneDrive-GrandValleyStateUniversity/Documents/Projects/mth-409-lebesgue-notes/assets
INFO    : XSL conversion of /Users/clarkdav/Library/CloudStorage/OneDrive-GrandValleyStateUniversity/Documents/Projects/mth-409-lebesgue-notes/source/main.ptx by /Users/clarkdav/.ptx/2.20.0/core/xsl/utilities/report-publisher-variables.xsl
INFO    : successful application of /Users/clarkdav/.ptx/2.20.0/core/xsl/utilities/report-publisher-variables.xsl
INFO    : Downloading rs services file from https://runestone.academy/cdn/runestone/latest/webpack_static_imports.xml.
INFO    : Runestone Services via online CDN query: version 7.12.2
INFO    : Downloading Runestone Services, version 7.12.2
INFO    : Extracting Runestone Services from archive file
INFO    : Node.js not available. Relying on prebuilt default-modern.
INFO    : Using prebuilt CSS theme: default-modern with options: {'options': {'primary-color': '#195684', 'secondary-color': '#932c1c'}, 'contrast-checks': {'primary-color': '#fff', 'secondary-color': '#fff', 'primary-color-dark': '#23241f'}}
INFO    : converting /Users/clarkdav/Library/CloudStorage/OneDrive-GrandValleyStateUniversity/Documents/Projects/mth-409-lebesgue-notes/source/main.ptx to HTML in /var/folders/gg/d_s2q2p1075gtxrb29nk6jn5xxnb4_/T/ptx-usccjjzi
INFO    : XSL conversion of /Users/clarkdav/Library/CloudStorage/OneDrive-GrandValleyStateUniversity/Documents/Projects/mth-409-lebesgue-notes/source/main.ptx by /Users/clarkdav/.ptx/2.20.0/core/xsl/pretext-html.xsl
INFO    : messages from the log for XSL processing:
INFO    : * PTX:INFO:   checking ONLY the last TWO YEARS of element deprecations.
Rerun with the string parameter "author.deprecations.all" set to "yes" to check your source against all deprecations.
INFO    : successful application of /Users/clarkdav/.ptx/2.20.0/core/xsl/pretext-html.xsl
INFO    : Removing temporary directory /var/folders/gg/d_s2q2p1075gtxrb29nk6jn5xxnb4_/T/ptx-usccjjzi
INFO    : Removing temporary directory /var/folders/gg/d_s2q2p1075gtxrb29nk6jn5xxnb4_/T/ptx-9dfpkvbt
INFO    : 
Success! Run `pretext view web` to see the results.

INFO    : 
